INFO    [17:24:58 | Resource Manager] Loaded 2479 tiles.
INFO    [17:24:59 | Resource Manager] Loaded 15543 objects.
DEBUG   [17:24:59 | Resource Manager] Loaded 4167 items.
DEBUG   [17:24:59 | Resource Manager] Loaded 2467 enemies.
DEBUG   [17:24:59 | Resource Manager] Loaded 426 pets.
INFO    [17:24:59 | Runtime]          Mapped 96 packet ids
DEBUG   [17:24:59 | Runtime]          Loading plugins from "dist/plugins"
INFO    [17:24:59 | Library Manager]  Loading plugins...
DEBUG   [17:24:59 | Library Manager]  Skipping C:\Users\Extacy\Desktop\Projects\RotMG\yessir\nrelay_work\nrelay-project\dist\plugins\getinfo.d.ts
DEBUG   [17:24:59 | Library Manager]  Skipping C:\Users\Extacy\Desktop\Projects\RotMG\yessir\nrelay_work\nrelay-project\dist\plugins\getinfo.js.map
INFO    [17:24:59 | Library Manager]  Loading ObjectTracker...
SUCCESS [17:24:59 | Library Manager]  Loaded Object Tracker by tcrane
INFO    [17:24:59 | Library Manager]  Loading PetTracker...
SUCCESS [17:24:59 | Library Manager]  Loaded Pet Tracker by tcrane
INFO    [17:24:59 | Library Manager]  Loading PlayerTracker...
SUCCESS [17:24:59 | Library Manager]  Loaded Player Tracker by tcrane
INFO    [17:24:59 | Library Manager]  Loading GetInfoPlugin...
SUCCESS [17:24:59 | Library Manager]  Loaded Get Info by Extacy
INFO    [17:24:59 | rotmg_gp5iiw@extacy.cc]Using cached AccessToken.
SUCCESS [17:25:00 | AccountService]   Loaded character info from cache
INFO    [17:25:00 | Account Service]  Using cached server list.
SUCCESS [17:25:00 | Runtime]          Loaded "rotmg_gp5iiw@extacy.cc"
DEBUG   [17:25:00 | Scheduler]        Delaying local by 0ms
INFO    [17:25:00 | rotmg_gp5iiw@extacy.cc]Starting connection to AsiaSouthEast
DEBUG   [17:25:00 | rotmg_gp5iiw@extacy.cc]Connected to AsiaSouthEast!
INFO    [17:25:00 | rotmg_gp5iiw@extacy.cc]Connecting to Nexus
SUCCESS [17:25:02 | rotmg_gp5iiw@extacy.cc]Connected!
ERROR   [17:25:02 | rotmg_gp5iiw@extacy.cc]Received PacketIO error: The value of "offset" is out of range. It must be >= 0 and <= 4534. Received 26484
DEBUG   [17:25:02 | rotmg_gp5iiw@extacy.cc]RangeError [ERR_OUT_OF_RANGE]: The value of "offset" is out of range. It must be >= 0 and <= 4534. Received 26484
    at new NodeError (node:internal/errors:329:5)
    at boundsError (node:internal/buffer:86:9)
    at Buffer.readInt32BE (node:internal/buffer:482:5)
    at Reader.readInt32 (C:\Users\Extacy\Desktop\Projects\RotMG\yessir\nrelay_work\nrelay-project\nrelay\realmlib\dist\reader.js:35:36)
    at NotificationPacket.read (C:\Users\Extacy\Desktop\Projects\RotMG\yessir\nrelay_work\nrelay-project\nrelay\realmlib\dist\packets\incoming\notification-packet.js:19:29)
    at PacketIO.constructPacket (C:\Users\Extacy\Desktop\Projects\RotMG\yessir\nrelay_work\nrelay-project\nrelay\realmlib\dist\packetio.js:200:24)
    at PacketIO.onData (C:\Users\Extacy\Desktop\Projects\RotMG\yessir\nrelay_work\nrelay-project\nrelay\realmlib\dist\packetio.js:174:41)
    at Socket.emit (node:events:378:20)
    at addChunk (node:internal/streams/readable:313:12)
    at readableAddChunk (node:internal/streams/readable:288:9)
ERROR   [17:25:02 | rotmg_gp5iiw@extacy.cc]Received PacketIO error: The value of "offset" is out of range. It must be >= 0 and <= 4534. Received 17793
DEBUG   [17:25:02 | rotmg_gp5iiw@extacy.cc]RangeError [ERR_OUT_OF_RANGE]: The value of "offset" is out of range. It must be >= 0 and <= 4534. Received 17793
    at new NodeError (node:internal/errors:329:5)
    at boundsError (node:internal/buffer:86:9)
    at Buffer.readInt32BE (node:internal/buffer:482:5)
    at Reader.readInt32 (C:\Users\Extacy\Desktop\Projects\RotMG\yessir\nrelay_work\nrelay-project\nrelay\realmlib\dist\reader.js:35:36)
    at NotificationPacket.read (C:\Users\Extacy\Desktop\Projects\RotMG\yessir\nrelay_work\nrelay-project\nrelay\realmlib\dist\packets\incoming\notification-packet.js:19:29)
    at PacketIO.constructPacket (C:\Users\Extacy\Desktop\Projects\RotMG\yessir\nrelay_work\nrelay-project\nrelay\realmlib\dist\packetio.js:200:24)
    at PacketIO.onData (C:\Users\Extacy\Desktop\Projects\RotMG\yessir\nrelay_work\nrelay-project\nrelay\realmlib\dist\packetio.js:174:41)
    at Socket.emit (node:events:378:20)
    at addChunk (node:internal/streams/readable:313:12)
    at readableAddChunk (node:internal/streams/readable:288:9)
